TN:
SF:/home/daniel/Documents/nodejs/grcServer/auth.js
FN:8,(anonymous_0)
FN:15,(anonymous_1)
FN:16,(anonymous_2)
FN:17,(anonymous_3)
FN:23,(anonymous_4)
FN:24,(anonymous_5)
FN:25,(anonymous_6)
FN:32,(anonymous_7)
FN:33,(anonymous_8)
FN:34,(anonymous_9)
FN:40,(anonymous_10)
FN:41,(anonymous_11)
FN:42,(anonymous_12)
FN:50,(anonymous_13)
FN:55,(anonymous_14)
FN:58,(anonymous_15)
FN:73,(anonymous_16)
FN:77,(anonymous_17)
FN:80,(anonymous_18)
FN:88,(anonymous_19)
FN:90,(anonymous_20)
FN:90,(anonymous_21)
FN:93,(anonymous_22)
FN:94,(anonymous_23)
FN:95,(anonymous_24)
FN:104,(anonymous_25)
FNF:26
FNH:7
FNDA:0,(anonymous_0)
FNDA:0,(anonymous_1)
FNDA:0,(anonymous_2)
FNDA:0,(anonymous_3)
FNDA:0,(anonymous_4)
FNDA:0,(anonymous_5)
FNDA:0,(anonymous_6)
FNDA:0,(anonymous_7)
FNDA:0,(anonymous_8)
FNDA:0,(anonymous_9)
FNDA:0,(anonymous_10)
FNDA:0,(anonymous_11)
FNDA:0,(anonymous_12)
FNDA:0,(anonymous_13)
FNDA:0,(anonymous_14)
FNDA:0,(anonymous_15)
FNDA:0,(anonymous_16)
FNDA:0,(anonymous_17)
FNDA:0,(anonymous_18)
FNDA:8,(anonymous_19)
FNDA:4,(anonymous_20)
FNDA:7,(anonymous_21)
FNDA:4,(anonymous_22)
FNDA:7,(anonymous_23)
FNDA:7,(anonymous_24)
FNDA:4,(anonymous_25)
DA:2,2
DA:3,2
DA:4,2
DA:8,2
DA:9,0
DA:10,0
DA:12,0
DA:15,2
DA:16,0
DA:17,0
DA:18,0
DA:23,2
DA:24,0
DA:25,0
DA:26,0
DA:32,2
DA:33,0
DA:34,0
DA:35,0
DA:40,2
DA:41,0
DA:42,0
DA:43,0
DA:50,2
DA:51,0
DA:52,0
DA:55,0
DA:56,0
DA:57,0
DA:59,0
DA:60,0
DA:62,0
DA:71,0
DA:72,0
DA:74,0
DA:75,0
DA:76,0
DA:78,0
DA:79,0
DA:81,0
DA:82,0
DA:84,0
DA:88,8
DA:90,7
DA:92,2
DA:93,4
DA:94,2
DA:95,7
DA:96,7
DA:97,7
DA:98,1
DA:100,6
DA:101,2
DA:104,4
DA:105,4
DA:106,4
DA:107,4
DA:114,2
DA:115,2
LF:59
LH:26
BRDA:9,0,0,0
BRDA:9,0,1,0
BRDA:18,1,0,0
BRDA:18,1,1,0
BRDA:26,2,0,0
BRDA:26,2,1,0
BRDA:35,3,0,0
BRDA:35,3,1,0
BRDA:43,4,0,0
BRDA:43,4,1,0
BRDA:59,5,0,0
BRDA:59,5,1,0
BRDA:78,6,0,0
BRDA:78,6,1,0
BRDA:81,7,0,0
BRDA:81,7,1,0
BRDA:81,8,0,0
BRDA:81,8,1,0
BRDA:88,9,0,8
BRDA:88,9,1,0
BRDA:88,10,0,5
BRDA:88,10,1,3
BRDA:96,11,0,7
BRDA:96,11,1,1
BRDA:97,12,0,1
BRDA:97,12,1,6
BRDA:100,13,0,2
BRDA:100,13,1,4
BRDA:101,14,0,1
BRDA:101,14,1,1
BRDA:106,15,0,2
BRDA:106,15,1,2
BRDA:107,16,0,2
BRDA:107,16,1,2
BRF:34
BRH:15
end_of_record
TN:
SF:/home/daniel/Documents/nodejs/grcServer/inRamDb.js
FN:5,(anonymous_0)
FN:7,(anonymous_1)
FN:11,(anonymous_2)
FN:15,(anonymous_3)
FNF:4
FNH:4
FNDA:2,(anonymous_0)
FNDA:1,(anonymous_1)
FNDA:2,(anonymous_2)
FNDA:1,(anonymous_3)
DA:2,2
DA:3,2
DA:4,2
DA:5,2
DA:7,2
DA:8,1
DA:9,1
DA:11,2
DA:12,2
DA:13,2
DA:14,2
DA:15,2
DA:16,2
DA:19,2
DA:20,2
DA:21,2
LF:16
LH:16
BRDA:12,0,0,1
BRDA:12,0,1,1
BRF:2
BRH:2
end_of_record
TN:
SF:/home/daniel/Documents/nodejs/grcServer/server.js
FN:24,(anonymous_0)
FN:25,(anonymous_1)
FN:26,(anonymous_2)
FN:37,(anonymous_3)
FN:42,(anonymous_4)
FN:44,(anonymous_5)
FN:45,(anonymous_6)
FN:47,(anonymous_7)
FN:56,(anonymous_8)
FN:58,(anonymous_9)
FN:66,(anonymous_10)
FN:70,(anonymous_11)
FN:72,(anonymous_12)
FN:80,(anonymous_13)
FN:82,(anonymous_14)
FN:90,(anonymous_15)
FN:92,(anonymous_16)
FN:100,(anonymous_17)
FN:102,(anonymous_18)
FN:110,(anonymous_19)
FN:112,(anonymous_20)
FN:122,(anonymous_21)
FN:125,(anonymous_22)
FN:133,(anonymous_23)
FN:135,(anonymous_24)
FN:146,(anonymous_25)
FN:151,(anonymous_26)
FN:161,(anonymous_27)
FN:166,(anonymous_28)
FNF:29
FNH:8
FNDA:1,(anonymous_0)
FNDA:6,(anonymous_1)
FNDA:4,(anonymous_2)
FNDA:1,(anonymous_3)
FNDA:1,(anonymous_4)
FNDA:2,(anonymous_5)
FNDA:0,(anonymous_6)
FNDA:0,(anonymous_7)
FNDA:1,(anonymous_8)
FNDA:1,(anonymous_9)
FNDA:0,(anonymous_10)
FNDA:0,(anonymous_11)
FNDA:0,(anonymous_12)
FNDA:0,(anonymous_13)
FNDA:0,(anonymous_14)
FNDA:0,(anonymous_15)
FNDA:0,(anonymous_16)
FNDA:0,(anonymous_17)
FNDA:0,(anonymous_18)
FNDA:0,(anonymous_19)
FNDA:0,(anonymous_20)
FNDA:0,(anonymous_21)
FNDA:0,(anonymous_22)
FNDA:0,(anonymous_23)
FNDA:0,(anonymous_24)
FNDA:0,(anonymous_25)
FNDA:0,(anonymous_26)
FNDA:0,(anonymous_27)
FNDA:0,(anonymous_28)
DA:2,1
DA:3,1
DA:4,1
DA:5,1
DA:6,1
DA:7,1
DA:8,1
DA:9,1
DA:10,1
DA:11,1
DA:12,1
DA:13,0
DA:15,1
DA:17,1
DA:19,1
DA:21,1
DA:22,1
DA:24,1
DA:25,6
DA:26,1
DA:27,4
DA:28,4
DA:29,2
DA:32,2
DA:34,4
DA:37,1
DA:38,1
DA:42,1
DA:44,2
DA:45,1
DA:46,0
DA:47,0
DA:48,0
DA:49,0
DA:51,0
DA:52,0
DA:56,1
DA:57,1
DA:58,1
DA:59,1
DA:60,0
DA:62,1
DA:63,1
DA:66,1
DA:67,0
DA:68,0
DA:70,1
DA:71,0
DA:72,0
DA:73,0
DA:74,0
DA:76,0
DA:77,0
DA:80,1
DA:81,0
DA:82,0
DA:83,0
DA:84,0
DA:86,0
DA:87,0
DA:90,1
DA:91,0
DA:92,0
DA:93,0
DA:94,0
DA:96,0
DA:97,0
DA:100,1
DA:101,0
DA:102,0
DA:103,0
DA:104,0
DA:106,0
DA:107,0
DA:110,1
DA:111,0
DA:112,0
DA:113,0
DA:114,0
DA:115,0
DA:117,0
DA:118,0
DA:122,1
DA:123,0
DA:124,0
DA:125,0
DA:126,0
DA:127,0
DA:129,0
DA:130,0
DA:133,1
DA:134,0
DA:135,0
DA:136,0
DA:137,0
DA:139,0
DA:140,0
DA:141,0
DA:143,0
DA:146,1
DA:147,0
DA:148,0
DA:149,0
DA:150,0
DA:151,0
DA:152,0
DA:153,0
DA:155,0
DA:156,0
DA:161,1
DA:162,0
DA:163,0
DA:164,0
DA:165,0
DA:166,0
DA:167,0
DA:168,0
DA:170,0
DA:171,0
DA:177,1
DA:178,1
DA:179,1
DA:180,1
DA:186,0
DA:197,1
LF:125
LH:50
BRDA:12,0,0,0
BRDA:12,0,1,1
BRDA:17,1,0,1
BRDA:17,1,1,0
BRDA:25,2,0,0
BRDA:25,2,1,6
BRDA:28,3,0,2
BRDA:28,3,1,2
BRDA:28,4,0,4
BRDA:28,4,1,3
BRDA:48,5,0,0
BRDA:48,5,1,0
BRDA:59,6,0,0
BRDA:59,6,1,1
BRDA:73,7,0,0
BRDA:73,7,1,0
BRDA:83,8,0,0
BRDA:83,8,1,0
BRDA:93,9,0,0
BRDA:93,9,1,0
BRDA:103,10,0,0
BRDA:103,10,1,0
BRDA:114,11,0,0
BRDA:114,11,1,0
BRDA:126,12,0,0
BRDA:126,12,1,0
BRDA:136,13,0,0
BRDA:136,13,1,0
BRDA:139,14,0,0
BRDA:139,14,1,0
BRDA:152,15,0,0
BRDA:152,15,1,0
BRDA:167,16,0,0
BRDA:167,16,1,0
BRDA:177,17,0,1
BRDA:177,17,1,0
BRF:36
BRH:9
end_of_record
TN:
SF:/home/daniel/Documents/nodejs/grcServer/testSql.js
FN:20,(anonymous_0)
FN:21,(anonymous_1)
FN:27,(anonymous_2)
FN:28,(anonymous_3)
FN:118,(anonymous_4)
FN:121,(anonymous_5)
FN:124,(anonymous_6)
FN:140,(anonymous_7)
FN:153,(anonymous_8)
FN:156,(anonymous_9)
FN:160,(anonymous_10)
FN:174,(anonymous_11)
FN:182,(anonymous_12)
FN:190,(anonymous_13)
FN:199,(anonymous_14)
FN:200,(anonymous_15)
FN:204,(anonymous_16)
FN:207,(anonymous_17)
FN:209,(anonymous_18)
FN:211,(anonymous_19)
FN:220,(anonymous_20)
FN:227,(anonymous_21)
FN:231,(anonymous_22)
FN:233,(anonymous_23)
FN:235,(anonymous_24)
FN:236,(anonymous_25)
FN:238,(anonymous_26)
FNF:27
FNH:12
FNDA:2,(anonymous_0)
FNDA:104,(anonymous_1)
FNDA:2,(anonymous_2)
FNDA:8,(anonymous_3)
FNDA:0,(anonymous_4)
FNDA:1,(anonymous_5)
FNDA:0,(anonymous_6)
FNDA:0,(anonymous_7)
FNDA:0,(anonymous_8)
FNDA:0,(anonymous_9)
FNDA:0,(anonymous_10)
FNDA:0,(anonymous_11)
FNDA:0,(anonymous_12)
FNDA:0,(anonymous_13)
FNDA:0,(anonymous_14)
FNDA:0,(anonymous_15)
FNDA:0,(anonymous_16)
FNDA:0,(anonymous_17)
FNDA:0,(anonymous_18)
FNDA:0,(anonymous_19)
FNDA:4,(anonymous_20)
FNDA:5,(anonymous_21)
FNDA:2,(anonymous_22)
FNDA:2,(anonymous_23)
FNDA:2,(anonymous_24)
FNDA:2,(anonymous_25)
FNDA:2,(anonymous_26)
DA:2,2
DA:3,2
DA:4,2
DA:5,2
DA:6,2
DA:20,2
DA:21,2
DA:22,104
DA:25,2
DA:27,2
DA:28,2
DA:29,8
DA:33,2
DA:37,2
DA:41,2
DA:46,2
DA:54,2
DA:59,2
DA:74,2
DA:83,2
DA:92,2
DA:94,2
DA:99,2
DA:106,2
DA:114,2
DA:118,2
DA:119,0
DA:121,2
DA:122,1
DA:124,2
DA:125,0
DA:140,2
DA:141,0
DA:142,0
DA:154,0
DA:157,0
DA:160,2
DA:161,0
DA:174,2
DA:175,0
DA:182,2
DA:183,0
DA:190,2
DA:191,0
DA:199,2
DA:200,0
DA:201,0
DA:204,2
DA:205,0
DA:207,2
DA:208,0
DA:209,0
DA:210,0
DA:212,0
DA:217,2
DA:220,2
DA:221,4
DA:227,2
DA:228,5
DA:231,2
DA:233,2
DA:234,2
DA:235,2
DA:236,2
DA:238,2
DA:239,2
DA:240,2
DA:241,2
DA:242,2
DA:243,2
DA:244,2
DA:245,2
DA:246,2
DA:247,2
DA:248,2
DA:249,2
DA:250,2
DA:251,2
DA:252,2
DA:253,2
DA:254,2
DA:255,2
DA:263,2
DA:264,2
DA:265,2
DA:266,2
DA:267,2
DA:268,2
DA:269,2
DA:270,2
DA:271,2
DA:272,2
DA:273,2
DA:274,2
DA:275,2
DA:276,2
DA:277,2
LF:97
LH:80
BRDA:187,0,0,0
BRDA:187,0,1,0
BRDA:195,1,0,0
BRDA:195,1,1,0
BRDA:210,2,0,0
BRDA:210,2,1,0
BRF:6
BRH:0
end_of_record
TN:
SF:/home/daniel/Documents/nodejs/grcServer/tmpData.js
FNF:0
FNH:0
DA:1,2
DA:460,2
DA:481,2
DA:503,2
DA:525,2
DA:526,2
DA:527,2
DA:528,2
LF:8
LH:8
BRF:0
BRH:0
end_of_record
